<?xml version="1.0" encoding="UTF-8"?>
<testsuite name="art.pro.changer.ChangerApplicationTests" tests="1" skipped="0" failures="0" errors="0" timestamp="2023-04-08T03:34:47" hostname="DESKTOP-A65BT7R" time="0.614">
  <properties/>
  <testcase name="contextLoads()" classname="art.pro.changer.ChangerApplicationTests" time="0.614"/>
  <system-out><![CDATA[07:34:44.098 [Test worker] DEBUG org.springframework.boot.test.context.SpringBootTestContextBootstrapper -- Neither @ContextConfiguration nor @ContextHierarchy found for test class [ChangerApplicationTests]: using SpringBootContextLoader
07:34:44.106 [Test worker] DEBUG org.springframework.test.context.support.AbstractContextLoader -- Could not detect default resource locations for test class [art.pro.changer.ChangerApplicationTests]: no resource found for suffixes {-context.xml, Context.groovy}.
07:34:44.106 [Test worker] INFO org.springframework.test.context.support.AnnotationConfigContextLoaderUtils -- Could not detect default configuration classes for test class [art.pro.changer.ChangerApplicationTests]: ChangerApplicationTests does not declare any static, non-private, non-final, nested classes annotated with @Configuration.
07:34:44.156 [Test worker] DEBUG org.springframework.boot.test.context.SpringBootTestContextBootstrapper -- Using ContextCustomizers for test class [ChangerApplicationTests]: [DisableObservabilityContextCustomizer, PropertyMappingContextCustomizer, Customizer, ExcludeFilterContextCustomizer, DuplicateJsonObjectContextCustomizer, MockitoContextCustomizer, TestRestTemplateContextCustomizer]
07:34:44.240 [Test worker] DEBUG org.springframework.context.annotation.ClassPathScanningCandidateComponentProvider -- Identified candidate component class: file [C:\Users\Lenovo\Downloads\changer\changer\build\classes\java\main\art\pro\changer\ChangerApplication.class]
07:34:44.242 [Test worker] INFO org.springframework.boot.test.context.SpringBootTestContextBootstrapper -- Found @SpringBootConfiguration art.pro.changer.ChangerApplication for test class art.pro.changer.ChangerApplicationTests
07:34:44.382 [Test worker] DEBUG org.springframework.test.context.util.TestContextSpringFactoriesUtils -- Skipping candidate TestExecutionListener [org.springframework.test.context.transaction.TransactionalTestExecutionListener] due to a missing dependency. Specify custom TestExecutionListener classes or make the default TestExecutionListener classes and their required dependencies available. Offending class: [org/springframework/transaction/interceptor/TransactionAttributeSource]
07:34:44.384 [Test worker] DEBUG org.springframework.test.context.util.TestContextSpringFactoriesUtils -- Skipping candidate TestExecutionListener [org.springframework.test.context.jdbc.SqlScriptsTestExecutionListener] due to a missing dependency. Specify custom TestExecutionListener classes or make the default TestExecutionListener classes and their required dependencies available. Offending class: [org/springframework/transaction/interceptor/TransactionAttribute]
07:34:44.387 [Test worker] DEBUG org.springframework.boot.test.context.SpringBootTestContextBootstrapper -- Using TestExecutionListeners for test class [ChangerApplicationTests]: [ServletTestExecutionListener, DirtiesContextBeforeModesTestExecutionListener, ApplicationEventsTestExecutionListener, MockitoTestExecutionListener, DependencyInjectionTestExecutionListener, DirtiesContextTestExecutionListener, EventPublishingTestExecutionListener, RestDocsTestExecutionListener, MockRestServiceServerResetTestExecutionListener, MockMvcPrintOnlyOnFailureTestExecutionListener, WebDriverTestExecutionListener, MockWebServiceServerTestExecutionListener, ResetMocksTestExecutionListener]
07:34:44.388 [Test worker] DEBUG org.springframework.test.context.support.AbstractDirtiesContextTestExecutionListener -- Before test class: class [ChangerApplicationTests], class annotated with @DirtiesContext [false] with mode [null]

  .   ____          _            __ _ _
 /\\ / ___'_ __ _ _(_)_ __  __ _ \ \ \ \
( ( )\___ | '_ | '_| | '_ \/ _` | \ \ \ \
 \\/  ___)| |_)| | | | | || (_| |  ) ) ) )
  '  |____| .__|_| |_|_| |_\__, | / / / /
 =========|_|==============|___/=/_/_/_/
 :: Spring Boot ::                (v3.0.5)

2023-04-08T07:34:44.705+04:00  INFO 15480 --- [    Test worker] a.pro.changer.ChangerApplicationTests    : Starting ChangerApplicationTests using Java 18.0.1.1 with PID 15480 (started by Lenovo in C:\Users\Lenovo\Downloads\changer\changer)
2023-04-08T07:34:44.707+04:00  INFO 15480 --- [    Test worker] a.pro.changer.ChangerApplicationTests    : No active profile set, falling back to 1 default profile: "default"
2023-04-08T07:34:47.142+04:00  INFO 15480 --- [    Test worker] a.pro.changer.ChangerApplicationTests    : Started ChangerApplicationTests in 2.692 seconds (process running for 4.285)
]]></system-out>
  <system-err><![CDATA[]]></system-err>
</testsuite>
