<?xml version="1.0" encoding="UTF-8"?>
<testsuite name="art.pro.changer.model.CurrencyTest" tests="2" skipped="0" failures="0" errors="0" timestamp="2023-04-08T03:34:48" hostname="DESKTOP-A65BT7R" time="0.001">
  <properties/>
  <testcase name="testGetIndex()" classname="art.pro.changer.model.CurrencyTest" time="0.0"/>
  <testcase name="testGetName()" classname="art.pro.changer.model.CurrencyTest" time="0.0"/>
  <system-out><![CDATA[]]></system-out>
  <system-err><![CDATA[]]></system-err>
</testsuite>
